<?xml version="1.0" encoding="UTF-8"?>
<!-- Generated by org.testng.reporters.JUnitXMLReporter -->
<testsuite ignored="0" hostname="ENTEIN1LTWKS005" failures="0" tests="6" name="Default test" time="123.738" errors="0" timestamp="2022-10-14T06:59:51 IST">
  <testcase classname="com.NOVO_SEO.AllPage.Unient_BlogPageTest" name="Unient_BlogPageTitleVelidation" time="12.817"/>
  <testcase classname="com.NOVO_SEO.AllPage.Unient_BlogPageTest" name="Unient_BlogPageMetaDescriptionVelidation" time="12.108"/>
  <testcase classname="com.NOVO_SEO.AllPage.Unient_BlogPageTest" name="Unient_BlogUnientUnveilingPageMetaDescriptionVelidation" time="18.61"/>
  <testcase classname="com.NOVO_SEO.AllPage.Unient_BlogPageTest" name="Unient_BlogTrustAndPerformancePageMetaDescriptionVelidation" time="21.386"/>
  <testcase classname="com.NOVO_SEO.AllPage.Unient_BlogPageTest" name="Unient_BlogEmployerOfRecordMetaDescriptionVelidation" time="17.473"/>
  <testcase classname="com.NOVO_SEO.AllPage.Unient_BlogPageTest" name="Unient_BlogSevenReasonWhyMetaDescriptionVelidation" time="16.133"/>
</testsuite> <!-- Default test -->
