<?xml version="1.0" encoding="UTF-8"?>
<!-- Generated by org.testng.reporters.JUnitXMLReporter -->
<testsuite ignored="0" hostname="ENTEIN1LTWKS005" failures="0" tests="19" name="NOVO_SEO_Regression" time="349.326" errors="0" timestamp="2022-10-21T09:48:33 IST">
  <testcase classname="com.NOVO_SEO.AllPage.Unient_AboutUsPageTest" name="Unient_AboutUsPageTitleVelidation" time="13.082"/>
  <testcase classname="com.NOVO_SEO.AllPage.Unient_AboutUsPageTest" name="Unient_AboutUsPageMetaDescriptionVelidation" time="12.553"/>
  <testcase classname="com.NOVO_SEO.AllPage.Unient_BlogPageTest" name="Unient_BlogPageTitleVelidation" time="11.992"/>
  <testcase classname="com.NOVO_SEO.AllPage.Unient_BlogPageTest" name="Unient_BlogPageMetaDescriptionVelidation" time="16.343"/>
  <testcase classname="com.NOVO_SEO.AllPage.Unient_BlogPageTest" name="Unient_BlogUnientUnveilingPageMetaDescriptionVelidation" time="22.807"/>
  <testcase classname="com.NOVO_SEO.AllPage.Unient_BlogPageTest" name="Unient_BlogTrustAndPerformancePageMetaDescriptionVelidation" time="20.904"/>
  <testcase classname="com.NOVO_SEO.AllPage.Unient_BlogPageTest" name="Unient_BlogEmployerOfRecordMetaDescriptionVelidation" time="17.29"/>
  <testcase classname="com.NOVO_SEO.AllPage.Unient_BlogPageTest" name="Unient_BlogSevenReasonWhyMetaDescriptionVelidation" time="20.717"/>
  <testcase classname="com.NOVO_SEO.AllPage.Unient_BPOPageTest" name="Unient_BPOPageTitleVelidation" time="17.95"/>
  <testcase classname="com.NOVO_SEO.AllPage.Unient_BPOPageTest" name="Unient_BPOPageMetaDescriptionVelidation" time="21.387"/>
  <testcase classname="com.NOVO_SEO.AllPage.Unient_CreativesPageTest" name="Unient_CreativesPageTitleVelidation" time="12.327"/>
  <testcase classname="com.NOVO_SEO.AllPage.Unient_CreativesPageTest" name="Unient_CreativesPageMetaDescriptionVelidation" time="14.395"/>
  <testcase classname="com.NOVO_SEO.AllPage.Unient_HomePageTest" name="Unient_HomePageTitleVelidation" time="5.356"/>
  <testcase classname="com.NOVO_SEO.AllPage.Unient_InfotechPageTest" name="Unient_InfotechPageTitleVelidation" time="14.959"/>
  <testcase classname="com.NOVO_SEO.AllPage.Unient_InfotechPageTest" name="Unient_InfotechPageMetaDescriptionVelidation" time="16.044"/>
  <testcase classname="com.NOVO_SEO.AllPage.Unient_PageTitleWith65Characters" name="Unient_TestAndPerformancePageTitleVelidation" time="0.94"/>
  <testcase classname="com.NOVO_SEO.AllPage.Unient_PageTitleWith65Characters" name="Unient_EoRPageTitleVelidation" time="0.875"/>
  <testcase classname="com.NOVO_SEO.AllPage.Unient_TeamsPageTest" name="Unient_TeamsPageTitleVelidation" time="13.943"/>
  <testcase classname="com.NOVO_SEO.AllPage.Unient_TeamsPageTest" name="Unient_TeamsPageMetaDescriptionVelidation" time="14.82"/>
</testsuite> <!-- NOVO_SEO_Regression -->
