<?xml version="1.0" encoding="UTF-8"?>
<!-- Generated by org.testng.reporters.JUnitXMLReporter -->
<testsuite ignored="0" hostname="ENTEIN1LTWKS005" failures="1" tests="20" name="NOVO_SEO_Regression" time="285.917" errors="0" timestamp="2022-10-14T07:23:28 IST">
  <testcase classname="com.NOVO_SEO.AllPage.Unient_AboutUsPageTest" name="Unient_AboutUsPageTitleVelidation" time="12.368"/>
  <testcase classname="com.NOVO_SEO.AllPage.Unient_AboutUsPageTest" name="Unient_AboutUsPageMetaDescriptionVelidation" time="11.058"/>
  <testcase classname="com.NOVO_SEO.AllPage.Unient_BlogPageTest" name="Unient_BlogPageTitleVelidation" time="11.086"/>
  <testcase classname="com.NOVO_SEO.AllPage.Unient_BlogPageTest" name="Unient_BlogPageMetaDescriptionVelidation" time="11.229"/>
  <testcase classname="com.NOVO_SEO.AllPage.Unient_BlogPageTest" name="Unient_BlogUnientUnveilingPageMetaDescriptionVelidation" time="17.493"/>
  <testcase classname="com.NOVO_SEO.AllPage.Unient_BlogPageTest" name="Unient_BlogTrustAndPerformancePageMetaDescriptionVelidation" time="17.85"/>
  <testcase classname="com.NOVO_SEO.AllPage.Unient_BlogPageTest" name="Unient_BlogEmployerOfRecordMetaDescriptionVelidation" time="17.567"/>
  <testcase classname="com.NOVO_SEO.AllPage.Unient_BlogPageTest" name="Unient_BlogSevenReasonWhyMetaDescriptionVelidation" time="16.244"/>
  <testcase classname="com.NOVO_SEO.AllPage.Unient_BPOPageTest" name="Unient_BPOPageTitleVelidation" time="12.656"/>
  <testcase classname="com.NOVO_SEO.AllPage.Unient_BPOPageTest" name="Unient_BPOPageMetaDescriptionVelidation" time="11.587"/>
  <testcase classname="com.NOVO_SEO.AllPage.Unient_CreativesPageTest" name="Unient_CreativesPageTitleVelidation" time="11.091"/>
  <testcase classname="com.NOVO_SEO.AllPage.Unient_CreativesPageTest" name="Unient_CreativesPageMetaDescriptionVelidation" time="10.929"/>
  <testcase classname="com.NOVO_SEO.AllPage.Unient_HomePageTest" name="Unient_HomePageTitleVelidation" time="4.722"/>
  <testcase classname="com.NOVO_SEO.AllPage.Unient_HomePageTest" name="Unient_HomePageMetaDescriptionVelidation" time="4.616">
    <failure type="java.lang.AssertionError" message="expected [Empower your organisation to function onshore &amp;amp; offshore as one enterprise with Unient&amp;apos;s versatile range of services &amp;amp; regional service delivery capabilities.] but found [Empower your organisation to function onshore &amp;amp; offshore as one enterprise with Unient`s versatile range of services &amp;amp; regional service delivery capabilities.]">
      <![CDATA[java.lang.AssertionError: expected [Empower your organisation to function onshore & offshore as one enterprise with Unient's versatile range of services & regional service delivery capabilities.] but found [Empower your organisation to function onshore & offshore as one enterprise with Unient`s versatile range of services & regional service delivery capabilities.]
at com.NOVO_SEO.FunctionLibrary.Unient_HomePage.homePageMetaDescription(Unient_HomePage.java:49)
at com.NOVO_SEO.AllPage.Unient_HomePageTest.Unient_HomePageMetaDescriptionVelidation(Unient_HomePageTest.java:28)
at java.base/java.util.ArrayList.forEach(ArrayList.java:1511)
... Removed 33 stack frames]]>
    </failure>
  </testcase> <!-- Unient_HomePageMetaDescriptionVelidation -->
  <testcase classname="com.NOVO_SEO.AllPage.Unient_InfotechPageTest" name="Unient_InfotechPageTitleVelidation" time="11.094"/>
  <testcase classname="com.NOVO_SEO.AllPage.Unient_InfotechPageTest" name="Unient_InfotechPageMetaDescriptionVelidation" time="11.471"/>
  <testcase classname="com.NOVO_SEO.AllPage.Unient_PageTitleWith65Characters" name="Unient_TestAndPerformancePageTitleVelidation" time="0.652"/>
  <testcase classname="com.NOVO_SEO.AllPage.Unient_PageTitleWith65Characters" name="Unient_EoRPageTitleVelidation" time="0.721"/>
  <testcase classname="com.NOVO_SEO.AllPage.Unient_TeamsPageTest" name="Unient_TeamsPageTitleVelidation" time="10.354"/>
  <testcase classname="com.NOVO_SEO.AllPage.Unient_TeamsPageTest" name="Unient_TeamsPageMetaDescriptionVelidation" time="10.956"/>
</testsuite> <!-- NOVO_SEO_Regression -->
