<?xml version="1.0" encoding="UTF-8"?>
<!-- Generated by org.testng.reporters.JUnitXMLReporter -->
<testsuite ignored="0" hostname="ENTEIN1LTWKS005" failures="0" tests="2" name="EdgeTest" time="2.761" errors="0" timestamp="2022-10-13T07:58:21 IST">
  <testcase classname="com.NOVO_SEO.Config.DriverManagerWeb" name="@BeforeMethod getDriver" time="2.624">
    <failure type="io.github.bonigarcia.wdm.WebDriverManagerException" message="java.util.NoSuchElementException">
      <![CDATA[io.github.bonigarcia.wdm.WebDriverManagerException: java.util.NoSuchElementException
at io.github.bonigarcia.wdm.WebDriverManager.handleException(WebDriverManager.java:776)
at io.github.bonigarcia.wdm.WebDriverManager.manage(WebDriverManager.java:550)
at io.github.bonigarcia.wdm.WebDriverManager.handleException(WebDriverManager.java:773)
at io.github.bonigarcia.wdm.WebDriverManager.manage(WebDriverManager.java:550)
at io.github.bonigarcia.wdm.WebDriverManager.handleException(WebDriverManager.java:766)
at io.github.bonigarcia.wdm.WebDriverManager.manage(WebDriverManager.java:550)
at io.github.bonigarcia.wdm.WebDriverManager.setup(WebDriverManager.java:260)
at com.NOVO_SEO.Config.DriverManagerWeb.getDriver(DriverManagerWeb.java:61)
at java.base/java.util.ArrayList.forEach(ArrayList.java:1511)
Caused by: java.util.NoSuchElementException
at java.base/java.util.ArrayList$Itr.next(ArrayList.java:970)
at io.github.bonigarcia.wdm.EdgeDriverManager.checkLatest(EdgeDriverManager.java:179)
at io.github.bonigarcia.wdm.WebDriverManager.filterCandidateUrls(WebDriverManager.java:799)
at io.github.bonigarcia.wdm.WebDriverManager.downloadAndExport(WebDriverManager.java:568)
at io.github.bonigarcia.wdm.WebDriverManager.manage(WebDriverManager.java:547)
... 38 more
... Removed 31 stack frames]]>
    </failure>
  </testcase> <!-- @BeforeMethod getDriver -->
  <testcase classname="com.NOVO_SEO.Config.DriverManagerWeb" name="@AfterMethod driverquit" time="-1.665628101686E9">
    <skipped/>
  </testcase> <!-- @AfterMethod driverquit -->
  <testcase classname="com.NOVO_SEO.Config.DriverManagerWeb" name="@BeforeMethod getDriver" time="-1.665628101689E9">
    <skipped/>
  </testcase> <!-- @BeforeMethod getDriver -->
  <testcase classname="com.NOVO_SEO.Config.DriverManagerWeb" name="@AfterMethod driverquit" time="-1.665628101691E9">
    <skipped/>
  </testcase> <!-- @AfterMethod driverquit -->
  <testcase classname="com.NOVO_SEO.AllPage.Unient_HomePageTest" name="Unient_HomePageTitleVelidation" time="0.0">
    <skipped/>
  </testcase> <!-- Unient_HomePageTitleVelidation -->
  <testcase classname="com.NOVO_SEO.AllPage.Unient_HomePageTest" name="Unient_HomePageMetaDescriptionVelidation" time="0.0">
    <skipped/>
  </testcase> <!-- Unient_HomePageMetaDescriptionVelidation -->
</testsuite> <!-- EdgeTest -->
