<?xml version="1.0" encoding="UTF-8"?>
<!-- Generated by org.testng.reporters.JUnitXMLReporter -->
<testsuite ignored="0" hostname="ENTEIN1LTWKS005" failures="0" tests="2" name="test" time="32.371" errors="0" timestamp="2022-10-21T10:16:52 IST">
  <testcase classname="com.NOVO_SEO.AllPage.Unient_TeamsPageTest" name="Unient_TeamsPageTitleVelidation" time="11.668"/>
  <testcase classname="com.NOVO_SEO.AllPage.Unient_TeamsPageTest" name="Unient_TeamsPageMetaDescriptionVelidation" time="11.133"/>
</testsuite> <!-- test -->
