<?xml version="1.0" encoding="UTF-8"?>
<testng-results ignored="0" total="2" passed="2" failed="0" skipped="0">
  <reporter-output>
  </reporter-output>
  <suite started-at="2022-10-21T10:36:50 IST" name="Default suite" finished-at="2022-10-21T10:37:27 IST" duration-ms="36769">
    <groups>
    </groups>
    <test started-at="2022-10-21T10:36:50 IST" name="Default test" finished-at="2022-10-21T10:37:27 IST" duration-ms="36769">
      <class name="com.NOVO_SEO.AllPage.Unient_TeamsPageTest">
        <test-method is-config="true" signature="getDriver()[pri:0, instance:com.NOVO_SEO.AllPage.Unient_TeamsPageTest@2053d869]" started-at="2022-10-21T10:36:50 IST" name="getDriver" finished-at="2022-10-21T10:36:56 IST" duration-ms="6086" status="PASS">
          <reporter-output>
          </reporter-output>
        </test-method> <!-- getDriver -->
        <test-method signature="Unient_TeamsPageTitleVelidation()[pri:0, instance:com.NOVO_SEO.AllPage.Unient_TeamsPageTest@2053d869]" started-at="2022-10-21T10:36:56 IST" name="Unient_TeamsPageTitleVelidation" finished-at="2022-10-21T10:37:09 IST" duration-ms="13381" status="PASS">
          <reporter-output>
          </reporter-output>
        </test-method> <!-- Unient_TeamsPageTitleVelidation -->
        <test-method is-config="true" signature="driverquit()[pri:0, instance:com.NOVO_SEO.AllPage.Unient_TeamsPageTest@2053d869]" started-at="2022-10-21T10:37:09 IST" name="driverquit" finished-at="2022-10-21T10:37:10 IST" duration-ms="444" status="PASS">
          <reporter-output>
          </reporter-output>
        </test-method> <!-- driverquit -->
        <test-method is-config="true" signature="getDriver()[pri:0, instance:com.NOVO_SEO.AllPage.Unient_TeamsPageTest@2053d869]" started-at="2022-10-21T10:37:10 IST" name="getDriver" finished-at="2022-10-21T10:37:14 IST" duration-ms="4186" status="PASS">
          <reporter-output>
          </reporter-output>
        </test-method> <!-- getDriver -->
        <test-method signature="Unient_TeamsPageMetaDescriptionVelidation()[pri:1, instance:com.NOVO_SEO.AllPage.Unient_TeamsPageTest@2053d869]" started-at="2022-10-21T10:37:14 IST" name="Unient_TeamsPageMetaDescriptionVelidation" finished-at="2022-10-21T10:37:26 IST" duration-ms="12200" status="PASS">
          <reporter-output>
          </reporter-output>
        </test-method> <!-- Unient_TeamsPageMetaDescriptionVelidation -->
        <test-method is-config="true" signature="driverquit()[pri:0, instance:com.NOVO_SEO.AllPage.Unient_TeamsPageTest@2053d869]" started-at="2022-10-21T10:37:26 IST" name="driverquit" finished-at="2022-10-21T10:37:27 IST" duration-ms="412" status="PASS">
          <reporter-output>
          </reporter-output>
        </test-method> <!-- driverquit -->
      </class> <!-- com.NOVO_SEO.AllPage.Unient_TeamsPageTest -->
    </test> <!-- Default test -->
  </suite> <!-- Default suite -->
</testng-results>
